Determining if the pthread_create exist failed with the following output:
Change Dir: /home/uuchen/magicMirror/build/CMakeFiles/CMakeTmp

Run Build Command:"/usr/bin/make" "cmTC_aecaa/fast"
/usr/bin/make -f CMakeFiles/cmTC_aecaa.dir/build.make CMakeFiles/cmTC_aecaa.dir/build
make[1]: Entering directory '/home/uuchen/magicMirror/build/CMakeFiles/CMakeTmp'
Building C object CMakeFiles/cmTC_aecaa.dir/CheckSymbolExists.c.o
/usr/bin/cc    -fPIC    -o CMakeFiles/cmTC_aecaa.dir/CheckSymbolExists.c.o   -c /home/uuchen/magicMirror/build/CMakeFiles/CMakeTmp/CheckSymbolExists.c
Linking C executable cmTC_aecaa
/usr/bin/cmake -E cmake_link_script CMakeFiles/cmTC_aecaa.dir/link.txt --verbose=1
/usr/bin/cc  -fPIC     CMakeFiles/cmTC_aecaa.dir/CheckSymbolExists.c.o  -o cmTC_aecaa -rdynamic 
CMakeFiles/cmTC_aecaa.dir/CheckSymbolExists.c.o：在函数‘main’中：
CheckSymbolExists.c:(.text+0x1b)：对‘pthread_create’未定义的引用
collect2: error: ld returned 1 exit status
CMakeFiles/cmTC_aecaa.dir/build.make:97: recipe for target 'cmTC_aecaa' failed
make[1]: *** [cmTC_aecaa] Error 1
make[1]: Leaving directory '/home/uuchen/magicMirror/build/CMakeFiles/CMakeTmp'
Makefile:126: recipe for target 'cmTC_aecaa/fast' failed
make: *** [cmTC_aecaa/fast] Error 2

File /home/uuchen/magicMirror/build/CMakeFiles/CMakeTmp/CheckSymbolExists.c:
/* */
#include <pthread.h>

int main(int argc, char** argv)
{
  (void)argv;
#ifndef pthread_create
  return ((int*)(&pthread_create))[argc];
#else
  (void)argc;
  return 0;
#endif
}

Determining if the function pthread_create exists in the pthreads failed with the following output:
Change Dir: /home/uuchen/magicMirror/build/CMakeFiles/CMakeTmp

Run Build Command:"/usr/bin/make" "cmTC_5526f/fast"
/usr/bin/make -f CMakeFiles/cmTC_5526f.dir/build.make CMakeFiles/cmTC_5526f.dir/build
make[1]: Entering directory '/home/uuchen/magicMirror/build/CMakeFiles/CMakeTmp'
Building C object CMakeFiles/cmTC_5526f.dir/CheckFunctionExists.c.o
/usr/bin/cc    -fPIC -DCHECK_FUNCTION_EXISTS=pthread_create   -o CMakeFiles/cmTC_5526f.dir/CheckFunctionExists.c.o   -c /usr/share/cmake-3.5/Modules/CheckFunctionExists.c
Linking C executable cmTC_5526f
/usr/bin/cmake -E cmake_link_script CMakeFiles/cmTC_5526f.dir/link.txt --verbose=1
/usr/bin/cc  -fPIC -DCHECK_FUNCTION_EXISTS=pthread_create    CMakeFiles/cmTC_5526f.dir/CheckFunctionExists.c.o  -o cmTC_5526f -rdynamic -lpthreads 
/usr/bin/ld: 找不到 -lpthreads
collect2: error: ld returned 1 exit status
CMakeFiles/cmTC_5526f.dir/build.make:97: recipe for target 'cmTC_5526f' failed
make[1]: *** [cmTC_5526f] Error 1
make[1]: Leaving directory '/home/uuchen/magicMirror/build/CMakeFiles/CMakeTmp'
Makefile:126: recipe for target 'cmTC_5526f/fast' failed
make: *** [cmTC_5526f/fast] Error 2


